<?xml version="1.0" encoding="UTF-8"?>
<!-- Generated by org.testng.reporters.JUnitReportReporter -->
<testsuite hostname="LAPTOP-0JHBB3KD" failures="0" tests="4" name="testCases.TC_003_LoginDDT" time="30.154" errors="0" timestamp="2024-05-07T18:05:32 IST" skipped="0">
  <testcase classname="testCases.TC_003_LoginDDT" name="verify_LoginDDT" time="3.922"/>
  <testcase classname="testCases.TC_003_LoginDDT" name="verify_LoginDDT" time="11.322"/>
  <testcase classname="testCases.TC_003_LoginDDT" name="verify_LoginDDT" time="2.499"/>
  <testcase classname="testCases.TC_003_LoginDDT" name="verify_LoginDDT" time="12.411"/>
</testsuite> <!-- testCases.TC_003_LoginDDT -->
