<?xml version="1.0" encoding="UTF-8"?>
<!-- Generated by org.testng.reporters.JUnitReportReporter -->
<testsuite hostname="LAPTOP-0JHBB3KD" failures="0" tests="1" name="testCases.Tc_001_HomePageAndAccRgistrationTest" time="2.970" errors="0" timestamp="2024-05-17T21:08:22 IST" skipped="0">
  <testcase classname="testCases.Tc_001_HomePageAndAccRgistrationTest" name="verifyingHomePage" time="2.970"/>
</testsuite> <!-- testCases.Tc_001_HomePageAndAccRgistrationTest -->
