<?xml version="1.0" encoding="UTF-8"?>
<!-- Generated by org.testng.reporters.JUnitReportReporter -->
<testsuite hostname="LAPTOP-0JHBB3KD" failures="0" tests="1" name="testCases.TC_006_EmptyShoppinCartTest" time="0.582" errors="0" timestamp="2024-07-10T19:16:42 IST" skipped="0">
  <testcase classname="testCases.TC_006_EmptyShoppinCartTest" name="verify_EmptyShoppingFunctionality" time="0.582"/>
</testsuite> <!-- testCases.TC_006_EmptyShoppinCartTest -->
