<?xml version="1.0" encoding="UTF-8"?>
<!-- Generated by org.testng.reporters.JUnitReportReporter -->
<testsuite hostname="LAPTOP-0JHBB3KD" failures="0" tests="1" name="testCases.TC_007_ShoppingCartTest" time="2.030" errors="0" timestamp="2024-07-10T19:16:42 IST" skipped="0">
  <testcase classname="testCases.TC_007_ShoppingCartTest" name="verify_ShoppingFunctionality" time="2.030"/>
</testsuite> <!-- testCases.TC_007_ShoppingCartTest -->
