<?xml version="1.0" encoding="UTF-8"?>
<!-- Generated by org.testng.reporters.JUnitReportReporter -->
<testsuite hostname="LAPTOP-0JHBB3KD" failures="0" tests="3" name="day1.LoginTest" time="2.164" errors="0" timestamp="2024-05-03T10:28:57 IST" skipped="0">
  <testcase classname="day1.LoginTest" name="testLogo" time="0.177"/>
  <testcase classname="day1.LoginTest" name="testLogin" time="1.461"/>
  <testcase classname="day1.LoginTest" name="testVerify" time="0.526"/>
</testsuite> <!-- day1.LoginTest -->
