<?xml version="1.0" encoding="UTF-8"?>
<!-- Generated by org.testng.reporters.JUnitReportReporter -->
<testsuite hostname="LAPTOP-0JHBB3KD" failures="0" tests="3" name="testCases.Tc_001_HomePageTest" time="2.298" errors="0" timestamp="2024-05-03T12:29:25 IST" skipped="0">
  <testcase classname="testCases.Tc_001_HomePageTest" name="testLogo" time="0.211"/>
  <testcase classname="testCases.Tc_001_HomePageTest" name="testTheLinks" time="1.991"/>
  <testcase classname="testCases.Tc_001_HomePageTest" name="testRegistrationPage" time="0.096"/>
</testsuite> <!-- testCases.Tc_001_HomePageTest -->
