<?xml version="1.0" encoding="UTF-8"?>
<!-- Generated by org.testng.reporters.JUnitReportReporter -->
<testsuite hostname="LAPTOP-0JHBB3KD" failures="0" tests="1" name="testCases.TC_004_ForgetPassword" time="1.991" errors="0" timestamp="2024-07-10T19:16:42 IST" skipped="0">
  <testcase classname="testCases.TC_004_ForgetPassword" name="verify_forgetpassword_functionality" time="1.991"/>
</testsuite> <!-- testCases.TC_004_ForgetPassword -->
