<?xml version="1.0" encoding="UTF-8"?>
<!-- Generated by org.testng.reporters.JUnitReportReporter -->
<testsuite hostname="LAPTOP-0JHBB3KD" failures="0" tests="1" name="testCases.TC_002_LogInTest" time="2.106" errors="0" timestamp="2024-05-18T10:53:14 IST" skipped="0">
  <testcase classname="testCases.TC_002_LogInTest" name="LogInTest" time="2.106"/>
</testsuite> <!-- testCases.TC_002_LogInTest -->
